proguard/seeds.txt
com.wanke.tv.QiangHongBaoActivity
com.wanke.tv.QiangHongBaoActivity: QiangHongBaoActivity()
com.wanke.tv.QiangHongBaoActivity: void onClick(android.view.View)
com.wanke.tv.QiangHongBaoService
com.wanke.tv.QiangHongBaoService: QiangHongBaoService()
com.wanke.tv.QiangHongBaoService: int home()
com.wanke.tv.QiangHongBaoService: int touch(int,int)
com.wanke.tv.R$color: int com_facebook_blue
com.wanke.tv.R$color: int com_facebook_loginview_text_color
com.wanke.tv.R$color: int com_facebook_picker_search_bar_background
com.wanke.tv.R$color: int com_facebook_picker_search_bar_text
com.wanke.tv.R$color: int com_facebook_usersettingsfragment_connected_shadow_color
com.wanke.tv.R$color: int com_facebook_usersettingsfragment_connected_text_color
com.wanke.tv.R$color: int com_facebook_usersettingsfragment_not_connected_text_color
com.wanke.tv.R$color: int lk_color_normal
com.wanke.tv.R$color: int lk_color_pressed
com.wanke.tv.R$dimen: int com_facebook_loginview_compound_drawable_padding
com.wanke.tv.R$dimen: int com_facebook_loginview_padding_bottom
com.wanke.tv.R$dimen: int com_facebook_loginview_padding_left
com.wanke.tv.R$dimen: int com_facebook_loginview_padding_right
com.wanke.tv.R$dimen: int com_facebook_loginview_padding_top
com.wanke.tv.R$dimen: int com_facebook_loginview_text_size
com.wanke.tv.R$dimen: int com_facebook_picker_place_image_size
com.wanke.tv.R$dimen: int com_facebook_profilepictureview_preset_size_large
com.wanke.tv.R$dimen: int com_facebook_profilepictureview_preset_size_normal
com.wanke.tv.R$dimen: int com_facebook_profilepictureview_preset_size_small
com.wanke.tv.R$dimen: int com_facebook_usersettingsfragment_profile_picture_height
com.wanke.tv.R$dimen: int com_facebook_usersettingsfragment_profile_picture_width
com.wanke.tv.R$drawable: int activity_background
com.wanke.tv.R$drawable: int activity_title
com.wanke.tv.R$drawable: int auto_qiang_disable
com.wanke.tv.R$drawable: int auto_qiang_enable
com.wanke.tv.R$drawable: int bottom_pattern
com.wanke.tv.R$drawable: int btn_bg
com.wanke.tv.R$drawable: int hint_enable_service
com.wanke.tv.R$drawable: int hongbaostart
com.wanke.tv.R$drawable: int ic_about
com.wanke.tv.R$drawable: int ic_about_n
com.wanke.tv.R$drawable: int ic_about_p
com.wanke.tv.R$drawable: int ic_aboutbackground
com.wanke.tv.R$drawable: int ic_aboutok
com.wanke.tv.R$drawable: int ic_auto
com.wanke.tv.R$drawable: int ic_launcher
com.wanke.tv.R$drawable: int ic_launcher_settings
com.wanke.tv.R$drawable: int ic_share
com.wanke.tv.R$drawable: int ic_share_anonymous_sms
com.wanke.tv.R$drawable: int ic_share_logo
com.wanke.tv.R$drawable: int ic_share_n
com.wanke.tv.R$drawable: int ic_share_p
com.wanke.tv.R$drawable: int ic_share_pengyouquan
com.wanke.tv.R$drawable: int ic_share_qq
com.wanke.tv.R$drawable: int ic_share_qzone
com.wanke.tv.R$drawable: int ic_share_sina_weibo
com.wanke.tv.R$drawable: int ic_share_sms
com.wanke.tv.R$drawable: int ic_share_weixin
com.wanke.tv.R$drawable: int ic_sound
com.wanke.tv.R$drawable: int ic_sound_loud
com.wanke.tv.R$drawable: int ic_sound_mute
com.wanke.tv.R$drawable: int lk_share_email
com.wanke.tv.R$drawable: int lk_share_facebook
com.wanke.tv.R$drawable: int lk_share_item_bg
com.wanke.tv.R$drawable: int lk_share_sina_weibo
com.wanke.tv.R$id: int about
com.wanke.tv.R$id: int button
com.wanke.tv.R$id: int enable_auto
com.wanke.tv.R$id: int finish
com.wanke.tv.R$id: int icon
com.wanke.tv.R$id: int mshare
com.wanke.tv.R$id: int open_setting
com.wanke.tv.R$id: int share
com.wanke.tv.R$id: int share_pengyouquan
com.wanke.tv.R$id: int share_weixin
com.wanke.tv.R$id: int start
com.wanke.tv.R$id: int textView1
com.wanke.tv.R$id: int voice
com.wanke.tv.R$layout: int activity_explain
com.wanke.tv.R$layout: int enable_service_hint_dialog
com.wanke.tv.R$layout: int lk_share_btn_layout
com.wanke.tv.R$layout: int share
com.wanke.tv.R$layout: int tasklist_main
...
com.tencent.mm.sdk.openapi.IWXAPIEventHandler
com.tencent.mm.sdk.openapi.IWXAPIEventHandler: void onReq(com.tencent.mm.sdk.modelbase.BaseReq)
com.tencent.mm.sdk.openapi.IWXAPIEventHandler: void onResp(com.tencent.mm.sdk.modelbase.BaseResp)
com.tencent.mm.sdk.openapi.MMSharedPreferences
com.tencent.mm.sdk.openapi.MMSharedPreferences: android.content.ContentResolver cr
com.tencent.mm.sdk.openapi.MMSharedPreferences: java.lang.String[] columns
com.tencent.mm.sdk.openapi.MMSharedPreferences: java.util.HashMap values
com.tencent.mm.sdk.openapi.MMSharedPreferences: com.tencent.mm.sdk.openapi.MMSharedPreferences$REditor editor
com.tencent.mm.sdk.openapi.MMSharedPreferences: MMSharedPreferences(android.content.Context)
com.tencent.mm.sdk.openapi.MMSharedPreferences: java.lang.Object getValue(java.lang.String)
com.tencent.mm.sdk.openapi.MMSharedPreferences: java.util.Map getAll()
com.tencent.mm.sdk.openapi.MMSharedPreferences: java.lang.String getString(java.lang.String,java.lang.String)
com.tencent.mm.sdk.openapi.MMSharedPreferences: int getInt(java.lang.String,int)
com.tencent.mm.sdk.openapi.MMSharedPreferences: long getLong(java.lang.String,long)
com.tencent.mm.sdk.openapi.MMSharedPreferences: float getFloat(java.lang.String,float)
com.tencent.mm.sdk.openapi.MMSharedPreferences: boolean getBoolean(java.lang.String,boolean)
com.tencent.mm.sdk.openapi.MMSharedPreferences: boolean contains(java.lang.String)
com.tencent.mm.sdk.openapi.MMSharedPreferences: android.content.SharedPreferences$Editor edit()
com.tencent.mm.sdk.openapi.MMSharedPreferences: void registerOnSharedPreferenceChangeListener(android.content.SharedPreferences$OnSharedPreferenceChangeListener)
com.tencent.mm.sdk.openapi.MMSharedPreferences$REditor
com.tencent.mm.sdk.openapi.MMSharedPreferences$REditor: java.util.Map values
com.tencent.mm.sdk.openapi.MMSharedPreferences$REditor: java.util.Set remove
com.tencent.mm.sdk.openapi.MMSharedPreferences$REditor: boolean clear
com.tencent.mm.sdk.openapi.MMSharedPreferences$REditor: android.content.ContentResolver cr
com.tencent.mm.sdk.openapi.MMSharedPreferences$REditor: MMSharedPreferences$REditor(android.content.ContentResolver)
com.tencent.mm.sdk.openapi.MMSharedPreferences$REditor: android.content.SharedPreferences$Editor putString(java.lang.String,java.lang.String)
com.tencent.mm.sdk.openapi.MMSharedPreferences$REditor: android.content.SharedPreferences$Editor putInt(java.lang.String,int)
com.tencent.mm.sdk.openapi.MMSharedPreferences$REditor: android.content.SharedPreferences$Editor putLong(java.lang.String,long)
com.tencent.mm.sdk.openapi.MMSharedPreferences$REditor: android.content.SharedPreferences$Editor putFloat(java.lang.String,float)
com.tencent.mm.sdk.openapi.MMSharedPreferences$REditor: android.content.SharedPreferences$Editor putBoolean(java.lang.String,boolean)
com.tencent.mm.sdk.openapi.MMSharedPreferences$REditor: android.content.SharedPreferences$Editor remove(java.lang.String)
com.tencent.mm.sdk.openapi.MMSharedPreferences$REditor: android.content.SharedPreferences$Editor clear()
com.tencent.mm.sdk.openapi.MMSharedPreferences$REditor: boolean commit()
com.tencent.mm.sdk.openapi.WXAPIFactory
com.tencent.mm.sdk.openapi.WXAPIFactory: java.lang.String TAG
com.tencent.mm.sdk.openapi.WXAPIFactory: com.tencent.mm.sdk.openapi.IWXAPI createWXAPI(android.content.Context,java.lang.String)
com.tencent.mm.sdk.openapi.WXAPIFactory: com.tencent.mm.sdk.openapi.IWXAPI createWXAPI(android.content.Context,java.lang.String,boolean)
com.tencent.mm.sdk.openapi.WXAPIFactory: WXAPIFactory()