proguard/mapping.txt
com.wanke.tv.QiangHongBaoActivity -> com.wanke.tv.QiangHongBaoActivity:
    android.content.Intent sSettingsIntent -> d
    android.widget.ImageView mstart -> e
    android.widget.ImageView mShare -> f
    android.widget.ImageView mAbout -> g
    android.view.View mAuto -> a
    android.view.View mVoice -> b
    android.widget.ImageButton mButton -> h
    boolean mState -> c
    com.tencent.mm.sdk.openapi.IWXAPI wxApi -> i
    void onCreate(android.os.Bundle) -> onCreate
    void initListener() -> b
    void onResume() -> onResume
    boolean isOpen() -> c
    void open(boolean) -> a
    boolean isShared() -> d
    boolean isAuto() -> e
    void toggleAuto() -> f
    void showEnableServiceHintDialog() -> g
    void onClick(android.view.View) -> onClick
    void showShare1(android.view.View) -> a
    boolean isVoice() -> h
    void toggleVoice() -> i
    boolean isAccessibilityEnabled() -> j
    android.content.Intent access$0() -> a
com.wanke.tv.QiangHongBaoActivity$1 -> com.wanke.tv.a:
    com.wanke.tv.QiangHongBaoActivity this$0 -> a
    android.app.Dialog val$dialog -> b
    void onClick(android.view.View) -> onClick
com.wanke.tv.QiangHongBaoService -> com.wanke.tv.QiangHongBaoService:
    boolean isInWX -> a
    boolean inChaiHongBao -> b
    boolean inWxContentChanged -> c
    int depth -> d
    void onServiceConnected() -> onServiceConnected
    boolean isShared() -> b
    boolean isAuto() -> c
    boolean isOpen() -> d
    void onAccessibilityEvent(android.view.accessibility.AccessibilityEvent) -> onAccessibilityEvent
    void chaihongbao(android.view.accessibility.AccessibilityNodeInfo) -> a
    void enterHongBao(android.view.accessibility.AccessibilityNodeInfo,java.util.ArrayList) -> a
    boolean onUnbind(android.content.Intent) -> onUnbind
    void onInterrupt() -> onInterrupt
    boolean isAccessibilityEnabled() -> a
com.wanke.tv.explain -> com.wanke.tv.explain:
    void onCreate(android.os.Bundle) -> onCreate
com.wanke.tv.explain$1 -> com.wanke.tv.b:
    com.wanke.tv.explain this$0 -> a
    void onClick(android.view.View) -> onClick
com.wanke.tv.socialize.LKShareController -> com.wanke.tv.a.a:
    com.wanke.tv.socialize.LKShareController _instance -> a
    com.wanke.tv.socialize.view.SharePlatformChooser mSharePlatformChooser -> b
    java.util.ArrayList mSharePlatformCodes -> c
    com.wanke.tv.socialize.LKShareController$ShareContent mShareContent -> d
    com.wanke.tv.socialize.LKShareController getInstance() -> a
    void addSharePlatform(com.wanke.tv.socialize.LKShareController$SharePlatformCode) -> a
    void invokeShare(android.app.Activity,java.lang.String,java.lang.String,java.lang.String,android.graphics.Bitmap,java.lang.String,java.lang.String) -> a
    com.wanke.tv.socialize.LKShareController$ShareContent getShareContent() -> b
    java.util.ArrayList getSharePlatform() -> c
    android.graphics.Bitmap getAppIcon(android.content.Context) -> a
com.wanke.tv.socialize.LKShareController$1 -> com.wanke.tv.a.b:
    com.wanke.tv.socialize.LKShareController this$0 -> a
    void onDismiss(android.content.DialogInterface) -> onDismiss
com.wanke.tv.socialize.LKShareController$ShareContent -> com.wanke.tv.a.c:
    java.lang.String title -> a
    java.lang.String content -> b
    android.graphics.Bitmap image -> c
    java.lang.String imageUrl -> d
    java.lang.String url -> e
    java.lang.String appID -> f
...
com.tencent.a.a.a.a.g -> com.tencent.a.a.a.a.g:
    java.util.Map f -> a
    int g -> b
    android.content.Context h -> c
    com.tencent.a.a.a.a.g i -> d
    com.tencent.a.a.a.a.g a(android.content.Context) -> a
    com.tencent.a.a.a.a.c f() -> a
    com.tencent.a.a.a.a.c a(java.util.List) -> a
    void b(java.lang.String) -> a
com.tencent.a.a.a.a.h -> com.tencent.a.a.a.a.h:
    void a(java.lang.String,java.lang.Throwable) -> a
    boolean d(java.lang.String) -> a
    boolean e(java.lang.String) -> b
    boolean a(android.content.Context,java.lang.String) -> a
    void a(org.json.JSONObject,java.lang.String,java.lang.String) -> a
    java.lang.String f(java.lang.String) -> c
    java.lang.String g(java.lang.String) -> d
    java.lang.String b(android.content.Context) -> a
    java.lang.String c(android.content.Context) -> b
com.tencent.mm.a.a -> com.tencent.mm.a.a:
    javax.crypto.Cipher j -> j
    java.lang.String h(java.lang.String) -> h
com.tencent.mm.a.b -> com.tencent.mm.a.b:
    java.lang.String a(byte[]) -> a
com.tencent.mm.sdk.a.a -> com.tencent.mm.sdk.a.a:
    boolean a(android.content.Context,com.tencent.mm.sdk.a.a$a) -> a
com.tencent.mm.sdk.a.a$a -> com.tencent.mm.sdk.a.a$a:
    java.lang.String k -> k
    java.lang.String l -> l
    java.lang.String m -> m
    int flags -> flags
    android.os.Bundle n -> n
com.tencent.mm.sdk.a.a.a -> com.tencent.mm.sdk.a.a.a:
    boolean a(android.content.Context,com.tencent.mm.sdk.a.a.a$a) -> a
com.tencent.mm.sdk.a.a.a$a -> com.tencent.mm.sdk.a.a.a$a:
    java.lang.String o -> o
    java.lang.String p -> p
    java.lang.String m -> m
    android.os.Bundle n -> n
com.tencent.mm.sdk.a.a.b -> com.tencent.mm.sdk.a.a.b:
    byte[] a(java.lang.String,int,java.lang.String) -> a
com.tencent.mm.sdk.b.a -> com.tencent.mm.sdk.b.a:
    int level -> level
    com.tencent.mm.sdk.b.d q -> q
    com.tencent.mm.sdk.b.a$a r -> r
    com.tencent.mm.sdk.b.a$a s -> s
    java.lang.String t -> t
    void a(java.lang.String,java.lang.String) -> a
    void b(java.lang.String,java.lang.String) -> b
    void c(java.lang.String,java.lang.String) -> c
    void d(java.lang.String,java.lang.String) -> d
    java.lang.String i(java.lang.String) -> i
    void a(java.lang.String,java.lang.String,java.lang.Object[]) -> a
    int g() -> g
com.tencent.mm.sdk.b.a$a -> com.tencent.mm.sdk.b.a$a:
    void e(java.lang.String,java.lang.String) -> e
    void f(java.lang.String,java.lang.String) -> f
    void g(java.lang.String,java.lang.String) -> g
    void h(java.lang.String,java.lang.String) -> h
    int h() -> h
com.tencent.mm.sdk.b.b -> com.tencent.mm.sdk.b.b:
    void e(java.lang.String,java.lang.String) -> e
    void f(java.lang.String,java.lang.String) -> f
    void g(java.lang.String,java.lang.String) -> g
    void h(java.lang.String,java.lang.String) -> h
    int h() -> h
com.tencent.mm.sdk.b.c -> com.tencent.mm.sdk.b.c:
    java.util.LinkedHashMap u -> u
    int size -> size
    int v -> v
    int A -> A
    int B -> B
    int C -> C
    int D -> D
    boolean a(java.lang.Object) -> a
    java.lang.Object get(java.lang.Object) -> get
    java.lang.Object put(java.lang.Object,java.lang.Object) -> put
    void trimToSize(int) -> trimToSize
    java.lang.String toString() -> toString
com.tencent.mm.sdk.b.d -> com.tencent.mm.sdk.b.d:
    com.tencent.mm.a.a E -> E
    com.tencent.mm.sdk.b.c F -> F
    java.lang.String i(java.lang.String) -> i
com.tencent.mm.sdk.b.e -> com.tencent.mm.sdk.b.e:
    long[] G -> G
    long[] H -> H
    java.util.TimeZone GMT -> GMT
    char[] I -> I
    java.lang.String[] J -> J
    boolean j(java.lang.String) -> j
com.tencent.mm.sdk.c.a -> com.tencent.mm.sdk.c.a:
com.tencent.mm.sdk.c.a$a -> com.tencent.mm.sdk.c.a$a:
    java.lang.Object a(int,java.lang.String) -> a
com.tencent.mm.sdk.c.a$b -> com.tencent.mm.sdk.c.a$b:
    android.net.Uri CONTENT_URI -> CONTENT_URI